<?xml version="1.0" encoding="UTF-8"?>
<test id="4">
    <author/>
    <title/>
    <version/>
    <description/>
    <test-url/>
    <source-url/>
    <evaluation/>
    <timeout/>
    <run-status timestamp=""/>
    <development-status timestamp=""/>
    <log/>
</test>